<?xml version="1.0" encoding="UTF-8"?>
<!-- Generated by org.testng.reporters.JUnitReportReporter -->
<testsuite hostname="GaneshBabu" failures="0" tests="1" name="Selenium_Topics_TestCases.TC_SeleniumEasy_002" time="8.250" errors="0" timestamp="2021-07-25T23:10:25 IST" skipped="0">
  <testcase classname="Selenium_Topics_TestCases.TC_SeleniumEasy_002" name="Checkbox_Demo" time="8.250"/>
  <system-out/>
</testsuite> <!-- Selenium_Topics_TestCases.TC_SeleniumEasy_002 -->
